生成启动时间为 2016/8/7 20:20:30。
     1>项目“G:\C++projects\Githubpath\learnCPP\code\L10 - Generic Algorithms\use_find\use_find\use_find.vcxproj”在节点 2 上(ClCompile 个目标)。
     1>ClCompile:
         J:\Dev\VS2013\VC\bin\CL.exe /c /ZI /nologo /W3 /WX- /sdl /Od /Oy- /D _MBCS /Gm /EHsc /RTC1 /MDd /GS /fp:precise /Zc:wchar_t /Zc:forScope /Fo"Debug\\" /Fd"Debug\vc120.pdb" /Gd /TP /analyze- /errorReport:prompt use_find.cpp
         use_find.cpp
     1>g:\c++projects\githubpath\learncpp\code\l10 - generic algorithms\use_find\use_find\use_find.cpp(20): error C3861: “begin”:  找不到标识符
     1>g:\c++projects\githubpath\learncpp\code\l10 - generic algorithms\use_find\use_find\use_find.cpp(20): error C3861: “end”:  找不到标识符
     1>已完成生成项目“G:\C++projects\Githubpath\learnCPP\code\L10 - Generic Algorithms\use_find\use_find\use_find.vcxproj”(ClCompile 个目标)的操作 - 失败。

生成失败。

已用时间 00:00:00.72
